<testsuite failures="1" name="notifications/functional/collections/post-create-collection.feature" skipped="0" tests="1" time="0.025383">
  <testcase classname="notifications.functional.collections.post-create-collection" name="create a new collection given a payload" time="0.025383">
    <failure message="-unknown-:7 - could not find or read file: collections.json">* url baseUrl ............................................................. passed
* configure headers = { X-Api-Key: #(apiKey) } ............................ passed
* def payload = read('collections.json').create ........................... failed

Stack Trace:
com.intuit.karate.exception.KarateException: -unknown-:7 - could not find or read file: collections.json
	at âœ½.* def payload = read('collections.json').create (-unknown-:7)

Given path 'collections' .................................................. skipped
And request payload ....................................................... skipped
When method post .......................................................... skipped
Then status 200 ........................................................... skipped
And match response == { collection: { id: '#uuid', name: '#(payload.collection.info.name)', uid: '#string' } } . skipped
* path 'collections', response.collection.uid ............................. skipped
* method delete ........................................................... skipped
* status 200 .............................................................. skipped</failure>
  </testcase>
</testsuite>
