<testsuite failures="1" name="notifications/functional/collections/put-update-collection.feature" skipped="0" tests="1" time="0.025083">
  <testcase classname="notifications.functional.collections.put-update-collection" name="update an existing collection" time="0.025083">
    <failure message="-unknown-:8 - could not find or read file: collections.json">* url baseUrl ............................................................. passed
* configure headers = { X-Api-Key: #(apiKey) } ............................ passed
* path 'collections' ...................................................... passed
* request read('collections.json').create ................................. failed

Stack Trace:
com.intuit.karate.exception.KarateException: -unknown-:8 - could not find or read file: collections.json
	at âœ½.* request read('collections.json').create (-unknown-:8)

* method post ............................................................. skipped
* status 200 .............................................................. skipped
* def uid = response.collection.uid ....................................... skipped
* def id = response.collection.id ......................................... skipped
* def payload = read('collections.json').update ........................... skipped
* set payload._postman_id = id ............................................ skipped
* def name = payload.collection.info.name ................................. skipped
Given path 'collections', uid ............................................. skipped
And request payload ....................................................... skipped
When method put ........................................................... skipped
Then status 200 ........................................................... skipped
And match response == { collection: { id: '#(id)', name: '#(name)', uid: '#(uid)' } } . skipped
* path 'collections', uid ................................................. skipped
* method delete ........................................................... skipped
* status 200 .............................................................. skipped</failure>
  </testcase>
</testsuite>
